--------------------
./configure --prefix=/usr --shared --uname=Linux
Tue Nov 24 13:15:59 CST 2015
=== ztest16627.c ===
extern int getchar();
int hello() {return getchar();}
===
mipsel-openwrt-linux-uclibc-gcc -c ztest16627.c
cc1: note: someone does not honour COPTS correctly, passed 0 times
... using gcc

Checking for obsessive-compulsive compiler options...
=== ztest16627.c ===
int foo() { return 0; }
===
mipsel-openwrt-linux-uclibc-gcc -c -Os -pipe -mno-branch-likely -mips32r2 -mtune=24kec -mdsp -fno-caller-saves -fhonour-copts -Wno-error=unused-but-set-variable -msoft-float -fpic ztest16627.c

Checking for shared library support...
=== ztest16627.c ===
extern int getchar();
int hello() {return getchar();}
===
mipsel-openwrt-linux-uclibc-gcc -w -c -Os -pipe -mno-branch-likely -mips32r2 -mtune=24kec -mdsp -fno-caller-saves -fhonour-copts -Wno-error=unused-but-set-variable -msoft-float -fpic -fPIC ztest16627.c
mipsel-openwrt-linux-uclibc-gcc -shared -Wl,-soname,libz.so.1 -Os -pipe -mno-branch-likely -mips32r2 -mtune=24kec -mdsp -fno-caller-saves -fhonour-copts -Wno-error=unused-but-set-variable -msoft-float -fpic -fPIC -o ztest16627.so ztest16627.o
Building shared library libz.so.1.2.8 with mipsel-openwrt-linux-uclibc-gcc.

=== ztest16627.c ===
#include <sys/types.h>
off64_t dummy = 0;
===
mipsel-openwrt-linux-uclibc-gcc -c -Os -pipe -mno-branch-likely -mips32r2 -mtune=24kec -mdsp -fno-caller-saves -fhonour-copts -Wno-error=unused-but-set-variable -msoft-float -fpic -D_LARGEFILE64_SOURCE=1 ztest16627.c
Checking for off64_t... Yes.
Checking for fseeko... Yes.

=== ztest16627.c ===
#include <string.h>
#include <errno.h>
int main() { return strlen(strerror(errno)); }
===
mipsel-openwrt-linux-uclibc-gcc -Os -pipe -mno-branch-likely -mips32r2 -mtune=24kec -mdsp -fno-caller-saves -fhonour-copts -Wno-error=unused-but-set-variable -msoft-float -fpic -D_LARGEFILE64_SOURCE=1 -o ztest16627 ztest16627.c
Checking for strerror... Yes.

=== ztest16627.c ===
#include <unistd.h>
int main() { return 0; }
===
mipsel-openwrt-linux-uclibc-gcc -c -Os -pipe -mno-branch-likely -mips32r2 -mtune=24kec -mdsp -fno-caller-saves -fhonour-copts -Wno-error=unused-but-set-variable -msoft-float -fpic -D_LARGEFILE64_SOURCE=1 ztest16627.c
Checking for unistd.h... Yes.

=== ztest16627.c ===
#include <stdarg.h>
int main() { return 0; }
===
mipsel-openwrt-linux-uclibc-gcc -c -Os -pipe -mno-branch-likely -mips32r2 -mtune=24kec -mdsp -fno-caller-saves -fhonour-copts -Wno-error=unused-but-set-variable -msoft-float -fpic -D_LARGEFILE64_SOURCE=1 ztest16627.c
Checking for stdarg.h... Yes.

=== ztest16627.c ===
#include <stdio.h>
#include <stdarg.h>
#include "zconf.h"
int main()
{
#ifndef STDC
  choke me
#endif
  return 0;
}
===
mipsel-openwrt-linux-uclibc-gcc -c -Os -pipe -mno-branch-likely -mips32r2 -mtune=24kec -mdsp -fno-caller-saves -fhonour-copts -Wno-error=unused-but-set-variable -msoft-float -fpic -D_LARGEFILE64_SOURCE=1 ztest16627.c
Checking whether to use vs[n]printf() or s[n]printf()... using vs[n]printf().

=== ztest16627.c ===
#include <stdio.h>
#include <stdarg.h>
int mytest(const char *fmt, ...)
{
  char buf[20];
  va_list ap;
  va_start(ap, fmt);
  vsnprintf(buf, sizeof(buf), fmt, ap);
  va_end(ap);
  return 0;
}
int main()
{
  return (mytest("Hello%d\n", 1));
}
===
mipsel-openwrt-linux-uclibc-gcc -Os -pipe -mno-branch-likely -mips32r2 -mtune=24kec -mdsp -fno-caller-saves -fhonour-copts -Wno-error=unused-but-set-variable -msoft-float -fpic -D_LARGEFILE64_SOURCE=1 -o ztest16627 ztest16627.c
Checking for vsnprintf() in stdio.h... Yes.

=== ztest16627.c ===
#include <stdio.h>
#include <stdarg.h>
int mytest(const char *fmt, ...)
{
  int n;
  char buf[20];
  va_list ap;
  va_start(ap, fmt);
  n = vsnprintf(buf, sizeof(buf), fmt, ap);
  va_end(ap);
  return n;
}
int main()
{
  return (mytest("Hello%d\n", 1));
}
===
mipsel-openwrt-linux-uclibc-gcc -c -Os -pipe -mno-branch-likely -mips32r2 -mtune=24kec -mdsp -fno-caller-saves -fhonour-copts -Wno-error=unused-but-set-variable -msoft-float -fpic -D_LARGEFILE64_SOURCE=1 ztest16627.c
Checking for return value of vsnprintf()... Yes.

=== ztest16627.c ===
#define ZLIB_INTERNAL __attribute__((visibility ("hidden")))
int ZLIB_INTERNAL foo;
int main()
{
  return 0;
}
===
mipsel-openwrt-linux-uclibc-gcc -c -Os -pipe -mno-branch-likely -mips32r2 -mtune=24kec -mdsp -fno-caller-saves -fhonour-copts -Wno-error=unused-but-set-variable -msoft-float -fpic -D_LARGEFILE64_SOURCE=1 ztest16627.c
Checking for attribute(visibility) support... Yes.

ALL = static shared all64
AR = mipsel-openwrt-linux-uclibc-ar
ARFLAGS = rc
CC = mipsel-openwrt-linux-uclibc-gcc
CFLAGS = -Os -pipe -mno-branch-likely -mips32r2 -mtune=24kec -mdsp -fno-caller-saves -fhonour-copts -Wno-error=unused-but-set-variable -msoft-float -fpic -D_LARGEFILE64_SOURCE=1 -DHAVE_HIDDEN
CPP = mipsel-openwrt-linux-uclibc-gcc -E
EXE =
LDCONFIG = ldconfig
LDFLAGS =
LDSHARED = mipsel-openwrt-linux-uclibc-gcc -shared -Wl,-soname,libz.so.1
LDSHAREDLIBC = -lc
OBJC = $(OBJZ) $(OBJG)
PIC_OBJC = $(PIC_OBJZ) $(PIC_OBJG)
RANLIB = mipsel-openwrt-linux-uclibc-ranlib
SFLAGS = -Os -pipe -mno-branch-likely -mips32r2 -mtune=24kec -mdsp -fno-caller-saves -fhonour-copts -Wno-error=unused-but-set-variable -msoft-float -fpic -fPIC -D_LARGEFILE64_SOURCE=1 -DHAVE_HIDDEN
SHAREDLIB = libz.so
SHAREDLIBM = libz.so.1
SHAREDLIBV = libz.so.1.2.8
STATICLIB = libz.a
TEST = all teststatic testshared test64
VER = 1.2.8
Z_U4 =
exec_prefix = ${prefix}
includedir = ${prefix}/include
libdir = ${exec_prefix}/lib
mandir = ${prefix}/share/man
prefix = /usr
sharedlibdir = ${libdir}
uname = Linux
--------------------


